make.exe all --print-data-base --no-builtin-variables --no-builtin-rules --question
# GNU Make 3.81
# Copyright (C) 2006  Free Software Foundation, Inc.
# This is free software; see the source for copying conditions.
# There is NO warranty; not even for MERCHANTABILITY or FITNESS FOR A
# PARTICULAR PURPOSE.

# This program built for i386-pc-mingw32
 

# Make data base, printed on Mon May 30 22:09:55 2022

# Variables

# automatic
<D = $(patsubst %/,%,$(dir $<))
# automatic
?F = $(notdir $?)
# makefile (from `makefile', line 13)
INCDIR = -I D:/D/my/tech/RAT/makeSolution/crypter/src/sourcefiles/zlib/
# makefile
MAKEFLAGS = Rrqp
# environment
VSCODE_LOG_NATIVE = false
# automatic
?D = $(patsubst %/,%,$(dir $?))
# makefile (from `makefile', line 9)
C = clang
# automatic
@D = $(patsubst %/,%,$(dir $@))
# environment
HOMEDRIVE = C:
# automatic
@F = $(notdir $ 
@)
# automatic
^D = $(patsubst %/,%,$(dir $^))
# makefile
CURDIR := d:/D/my/tech/RAT/makeSolution/crypter
# default
SHELL := sh.exe
# environment
WINDIR = C:\Windows
# environment
VSCODE_NLS_CONFIG = {"locale":"en-gb","availableLanguages":{},"_languagePackSupport":true}
# environment
PATHEXT = .COM;.EXE;.BAT;.CMD;.VBS;.VBE;.JS;.JSE;.WSF;.WSH;.MSC
# makefile (from `makefile', line 1)
MAKEFILE_LIST :=  makefile
# makefile (from `makefile', line 21)
CPPFILES = $(foreach D, $(CODE_DIRS), $(wildcard $(D)/*.cpp)) 

# environment
FPS_BROWSER_USER_PROFILE_STRING = Default
# environment
TMP = C:\Users\venego\AppData\Local\Temp
# makefile (from `makefile', line 11)
CXX_STD = --std=c++17
# environment
VSCODE_VERBOSE_LOGGING = true
# makefile (from `makefile', line 20)
CFILES = $(foreach D, $(CODE_DIRS), $(wildcard $(D)/*.c))
# environment
PROGRAMW6432 = C:\Program Files
# environment
PROGRAMDATA = C:\ProgramData
# environment
VSCODE_IPC_HOOK_EXTHOST = \\.\pipe\vscode-ipc-5e6480c3-c39b-44b4-b809-01f355dc3572-sock
# environ 
ment
VSCODE_CWD = C:\Users\venego\AppData\Local\Programs\Microsoft VS Code
# environment
PATH = C:\Program Files\Common Files\Oracle\Java\javapath;C:\Windows\system32;C:\Windows;C:\Windows\System32\Wbem;C:\Windows\System32\WindowsPowerShell\v1.0\;C:\Windows\System32\OpenSSH\;C:\Program Files\Git\cmd;C:\Program Files\CMake\bin;C:\Program Files\dotnet\;C:\Program Files\nodejs\;C:\Users\venego\AppData\Local\Microsoft\WindowsApps;C:\Users\venego\.dotnet\tools;C:\llvm\build\Release\bin;C:\Qt\Tools\mingw1120_64\bin;C:\Users\venego\AppData\Local\Programs\Microsoft VS Code\bin;C:\Users\venego\AppData\Local\bin\NASM\;C:\Program Files (x86)\GnuWin32\bin\;C:\Program Files (x86)\Microsoft Visual Studio\2019\Community\VC\Tools\MSVC\14.29.30133\bin\Hostx64\x64;C:\llvm\llvm\llvm\utils\lit\tests\Inputs\lld-features;C:\Users\venego\AppData\Local\Packages\PythonSoftwareFoundation.Python.3.7_qbz5n2kfra8p0\LocalCache\local-packages\Python37\Scripts;C:\Users\venego\AppData\Roaming\npm
# environment
COMMONPROGRAMW6432 = C:\Program 
 Files\Common Files
# environment
ZES_ENABLE_SYSMAN = 1
# environment
PROCESSOR_ARCHITECTURE = x86
# environment
USERPROFILE = C:\Users\venego
# makefile (from `makefile', line 22)
ASMFILES = $(foreach D, $(CODE_DIRS), $(wildcard $(D)/*.asm))
# environment
ALLUSERSPROFILE = C:\ProgramData
# environment
VSCODE_LOG_STACK = false
# environment
NUMBER_OF_PROCESSORS = 4
# environment
ELECTRON_RUN_AS_NODE = 1
# default
.FEATURES := target-specific order-only second-expansion else-if archives
# automatic
%F = $(no 
tdir $%)
# environment
CHROME_CRASHPAD_PIPE_NAME = \\.\pipe\crashpad_9848_FCXXTXBNSUFGVTLX
# makefile (from `makefile', line 12)
OPT = -Ofast
# environment
VSCODE_PIPE_LOGGING = true
# environment
COMPUTERNAME = DESKTOP-UVJE19F
# environment
PROGRAMFILES = C:\Program Files (x86)
# environment
DRIVERDATA = C:\Windows\System32\Drivers\DriverData
# environment
ORIGINAL_XDG_CURRENT_DESKTOP = undefined
# environment
USERNAME = venego
# environment
PUBLIC = C:\Users\Public
# environment
VSCODE_AMD_ENTRYPOINT = vs 
/workbench/api/node/extensionHostProcess
# makefile (from `makefile', line 18)
BINARY = build/${BUILD}/main
# environment
VSCODE_CODE_CACHE_PATH = C:\Users\venego\AppData\Roaming\Code\CachedData\c3511e6c69bb39013c4a4b7b9566ec1ca73fc4d5
# environment
APPLICATION_INSIGHTS_NO_DIAGNOSTIC_CHANNEL = 1
# environment
COMMONPROGRAMFILES = C:\Program Files (x86)\Common Files
# environment
LOGONSERVER = \\DESKTOP-UVJE19F
# environment
VSCODE_HANDLES_UNCAUGHT_ERRORS = true
# environment
USERDOMAIN = DESKTOP-UVJE19F
# d 
efault
MAKE = $(MAKE_COMMAND)
# default
MAKECMDGOALS := all
# default
MAKE_VERSION := 3.81
# makefile
.DEFAULT_GOAL := pe
# makefile (from `makefile', line 7)
REM = D:\D\my\tech\RAT\makeSolution\tools\rm\rm.exe
# makefile (from `makefile', line 26)
OUTPUT_FILES = ${BINARY}.exe ${BINARY}.ilk ${BINARY}.pdb ${OBJFILES}
# environment
PROGRAMFILES(X86) = C:\Program Files (x86)
# automatic
%D = $(patsubst %/,%,$(dir $%))
# environment
LOCALAPPDATA = C:\Users\venego\AppData\Local
# environment
PSMODULEPATH = C:\Pr 
ogram Files\WindowsPowerShell\Modules;C:\Windows\system32\WindowsPowerShell\v1.0\Modules
# default
MAKE_COMMAND := make.exe
# environment
PROCESSOR_ARCHITEW6432 = AMD64
# default
.VARIABLES := 
# automatic
*F = $(notdir $*)
# environment
PROCESSOR_IDENTIFIER = Intel64 Family 6 Model 94 Stepping 3, GenuineIntel
# environment
OS = Windows_NT
# environment
VSCODE_IPC_HOOK = \\.\pipe\a40716f35b06d3562cc3c06a3e192745-1.67.2-main-sock
# environment
HOMEPATH = \Users\venego
# environment
COMMONPROGRAMFILES(X86) =  
C:\Program Files (x86)\Common Files
# environment
PROMPT = $P$G
# environment
MFLAGS = -Rrqp
# automatic
*D = $(patsubst %/,%,$(dir $*))
# environment
SYSTEMROOT = C:\Windows
# automatic
+D = $(patsubst %/,%,$(dir $+))
# automatic
+F = $(notdir $+)
# environment
APPDATA = C:\Users\venego\AppData\Roaming
# environment
TEMP = C:\Users\venego\AppData\Local\Temp
# environment
COMSPEC = C:\Windows\system32\cmd.exe
# makefile (from `makefile', line 23)
RSRCFILES = $(foreach D, ${CODE_DIRS}, $(wildcard $(D)/*.rc)) 

# default
MAKEFILES := 
# makefile (from `makefile', line 17)
BUILD = release
# automatic
<F = $(notdir $<)
# makefile (from `makefile', line 10)
CXX = clang++
# makefile (from `makefile', line 16)
CODE_DIRS = ./src ./src/rsrc ./src/sourcefiles/*
# environment
LC_ALL = C
# makefile (from `makefile', line 14)
LIBS = -lShell32
# automatic
^F = $(notdir $^)
# default
SUFFIXES := 
# environment
SYSTEMDRIVE = C:
# environment
SESSIONNAME = Console
# environment
PROCESSOR_REVISION = 5e03
# makefile (from `makefi 
le', line 6)
ROOT_DIR = D:/D/my/tech/RAT/makeSolution/crypter
# makefile (from `makefile', line 25)
OBJFILES = $(patsubst %,%.o,$(CFILES) $(CPPFILES) $(RSRCFILES) $(ASMFILES))
# environment
MAKELEVEL := 0
# environment
LANG = C
# environment
PROCESSOR_LEVEL = 6
# environment
FPS_BROWSER_APP_PROFILE_STRING = Internet Explorer
# environment
VSCODE_PID = 9848
# environment
USERDOMAIN_ROAMINGPROFILE = DESKTOP-UVJE19F
# variable set hash-table stats:
# Load=105/1024=10%, Rehash=0, Collisions=10/138=7%

# Pattern 
-specific Variable Values

# No pattern-specific variable values.

# Directories

# C:\Program Files\Common Files\Oracle\Java\javapath (key C:/Program Files/Common Files/Oracle/Java/javapath, mtime 1651786487): 6 files, no impossibilities.
# C:\Users\venego\AppData\Roaming\npm (key C:/Users/venego/AppData/Roaming/npm, mtime 1653262714): 6 files, no impossibilities.
# C:\Users\venego\.dotnet\tools: could not be stat'd.
# C:\Windows\System32\WindowsPowerShell\v1.0\ (key C:/Windows/System32/WindowsPowerShell/v 
1.0/, mtime 1633527826): 30 files, no impossibilities.
# C:\Windows\System32\Wbem (key C:/Windows/System32/Wbem, mtime 1652558422): 171 files, no impossibilities.
# . (key d:/D/my/tech/RAT/makeSolution/crypter, mtime 1651411799): 6 files, no impossibilities.
# C:\Program Files\nodejs\ (key C:/Program Files/nodejs/, mtime 1653247324): 13 files, no impossibilities.
# ./src (key d:/D/my/tech/RAT/makeSolution/crypter/src, mtime 1651579388): 6 files, no impossibilities.
# ./src/sourcefiles/syscalls (key d:/D/my/ 
tech/RAT/makeSolution/crypter/src/sourcefiles/syscalls, mtime 1651579033): 7 files, no impossibilities.
# C:\Program Files\dotnet\ (key C:/Program Files/dotnet/, mtime 1649927139): 10 files, no impossibilities.
# C:\Users\venego\AppData\Local\Microsoft\WindowsApps (key C:/Users/venego/AppData/Local/Microsoft/WindowsApps, mtime 1650770549): 24 files, no impossibilities.
# C:\llvm\llvm\llvm\utils\lit\tests\Inputs\lld-features (key C:/llvm/llvm/llvm/utils/lit/tests/Inputs/lld-features, mtime 1650600158): 15 fi 
les, no impossibilities.
# C:\Windows\System32\OpenSSH\: could not be stat'd.
# C:\Windows (key C:/Windows, mtime 1652558419): 108 files, no impossibilities.
# C:\Qt\Tools\mingw1120_64\bin (key C:/Qt/Tools/mingw1120_64/bin, mtime 1647955269): 61 files, no impossibilities.
# C:\llvm\build\Release\bin (key C:/llvm/build/Release/bin, mtime 1651249539): 165 files, no impossibilities.
# C:\Users\venego\AppData\Local\Programs\Microsoft VS Code\bin (key C:/Users/venego/AppData/Local/Programs/Microsoft VS Code/bin, 
 mtime 1652898480): 4 files, no impossibilities.
# C:\Program Files\Git\cmd (key C:/Program Files/Git/cmd, mtime 1646849531): 8 files, no impossibilities.
# C:\Windows\system32 (key C:/Windows/system32, mtime 1653943625): 2948 files, no impossibilities.
# ./src/sourcefiles/settings (key d:/D/my/tech/RAT/makeSolution/crypter/src/sourcefiles/settings, mtime 1651310746): 2 files, no impossibilities.
# ./src/sourcefiles/zlib (key d:/D/my/tech/RAT/makeSolution/crypter/src/sourcefiles/zlib, mtime 1651493297): 44  
files, no impossibilities.
# ./src/rsrc (key d:/D/my/tech/RAT/makeSolution/crypter/src/rsrc, mtime 1651586580): 7 files, no impossibilities.
# C:\Users\venego\AppData\Local\Packages\PythonSoftwareFoundation.Python.3.7_qbz5n2kfra8p0\LocalCache\local-packages\Python37\Scripts (key C:/Users/venego/AppData/Local/Packages/PythonSoftwareFoundation.Python.3.7_qbz5n2kfra8p0/LocalCache/local-packages/Python37/Scripts, mtime 1651845232): 10 files, no impossibilities.
# C:\Users\venego\AppData\Local\bin\NASM\ (key C:/ 
Users/venego/AppData/Local/bin/NASM/, mtime 1650774287): 18 files, no impossibilities.
# C:\Program Files\CMake\bin (key C:/Program Files/CMake/bin, mtime 1647134568): 7 files, no impossibilities.
# C:\Program Files (x86)\Microsoft Visual Studio\2019\Community\VC\Tools\MSVC\14.29.30133\bin\Hostx64\x64 (key C:/Program Files (x86)/Microsoft Visual Studio/2019/Community/VC/Tools/MSVC/14.29.30133/bin/Hostx64/x64, mtime 1646526508): 70 files, no impossibilities.
# C:\Program Files (x86)\GnuWin32\bin\ (key C:/Pro 
gram Files (x86)/GnuWin32/bin/, mtime 1650770655): 5 files, no impossibilities.

# 3751 files, no impossibilities in 27 directories.

# Implicit Rules

%.c.o: %.c
#  commands to execute (from `makefile', line 41):
	${C} -c ${INCDIR} ${OPT} $(dbg_flag) $< -o $@
	

%.cpp.o: %.cpp
#  commands to execute (from `makefile', line 43):
	${CXX} ${INCDIR} ${CXX_STD} $(dbg_flag) -c ${OPT} -o $@ $^
	

%.asm.o: %.asm
#  commands to execute (from `makefile', line 45):
	ml64.exe /c /nologo /Zi /Fo $@ /W3 /errorReport:prom 
pt  /Ta $^
	

%.rc.o: %.rc
#  commands to execute (from `makefile', line 47):
	windres -o $@ $^
	

# 4 implicit rules, 0 (0.0%) terminal.

# Files

rmFiles:
#  Implicit rule search has not been done.
#  Modification time never checked.
#  File has not been updated.
#  commands to execute (from `makefile', line 61):
	${REM} -rf ${OUTPUT_FILES}
	

# Not a target:
all:
#  Command-line target.
#  Implicit rule search has been done.
#  File does not exist.
#  File has not been updated.
# variable set hash-table  
stats:
# Load=0/32=0%, Rehash=0, Collisions=0/0=0%

# Not a target:
src/sourcefiles/syscalls/syscalls_all_stubs.asm.o:
#  Implicit rule search has not been done.
#  Modification time never checked.
#  File has not been updated.

# Not a target:
src/sourcefiles/zlib/compress.c.o:
#  Implicit rule search has not been done.
#  Modification time never checked.
#  File has not been updated.

build/release/main.exe: src/sourcefiles/syscalls/syscalls_all.c.o src/sourcefiles/zlib/adler32.c.o src/sourcefiles/zlib/compress.c.o src/sourcefiles/zlib/crc32.c.o src/sourcefiles/zlib/deflate.c.o src/sourcefiles/zlib/gzclose.c.o src/sourcefiles/zlib/gzlib.c.o src/sourcefiles/zlib/gzread.c.o src/sourcefiles/zlib/gzwrite.c.o src/sourcefiles/zlib/infback.c.o src/sourcefiles/zlib/inffast.c.o src/sourcefiles/zlib/inflate.c.o src/sourcefiles/zlib/inftrees.c.o src/sourcefiles/zlib/trees.c.o src/sourcefiles/zlib/uncompr.c.o src/sourcefiles/zlib/zutil.c.o src/main.cpp.o src/rsrc/resource.rc.o src/sourcefiles/syscalls/syscalls_all_stub 
s.asm.o
#  Implicit rule search has not been done.
#  Modification time never checked.
#  File has not been updated.
#  commands to execute (from `makefile', line 37):
	${CXX} -v ${INCDIR} $(dbg_flag) ${OBJFILES} ${OPT} -o $@ ${LIBS}
	

# Not a target:
.DEFAULT:
#  Implicit rule search has not been done.
#  Modification time never checked.
#  File has not been updated.

# Not a target:
src/sourcefiles/syscalls/syscalls_all.c.o:
#  Implicit rule search has not been done.
#  Modification time never checked.
# 
  File has not been updated.

# Not a target:
src/sourcefiles/zlib/gzlib.c.o:
#  Implicit rule search has not been done.
#  Modification time never checked.
#  File has not been updated.

# Not a target:
src/sourcefiles/zlib/gzclose.c.o:
#  Implicit rule search has not been done.
#  Modification time never checked.
#  File has not been updated.

# Not a target:
src/sourcefiles/zlib/gzread.c.o:
#  Implicit rule search has not been done.
#  Modification time never checked.
#  File has not been updated.

# Not 
 a target:
makefile:
#  Implicit rule search has been done.
#  Last modified 2022-05-02 13:55:12
#  File has been updated.
#  Successfully updated.
# variable set hash-table stats:
# Load=0/32=0%, Rehash=0, Collisions=0/0=0%

# Not a target:
src/rsrc/resource.rc.o:
#  Implicit rule search has not been done.
#  Modification time never checked.
#  File has not been updated.

# Not a target:
src/sourcefiles/zlib/adler32.c.o:
#  Implicit rule search has not been done.
#  Modification time never checked.
#  File 
 has not been updated.

# Not a target:
src/sourcefiles/zlib/inffast.c.o:
#  Implicit rule search has not been done.
#  Modification time never checked.
#  File has not been updated.

# Not a target:
src/sourcefiles/zlib/deflate.c.o:
#  Implicit rule search has not been done.
#  Modification time never checked.
#  File has not been updated.

delOldRsrc:
#  Implicit rule search has not been done.
#  Modification time never checked.
#  File has not been updated.
#  commands to execute (from `makefile', line 5 
5):
	${REM} -rf ${ROOT_DIR}/src/rsrc/resource.rc.o
	

# Not a target:
.SUFFIXES:
#  Implicit rule search has not been done.
#  Modification time never checked.
#  File has not been updated.

# Not a target:
src/sourcefiles/zlib/crc32.c.o:
#  Implicit rule search has not been done.
#  Modification time never checked.
#  File has not been updated.

pe: build/release/main.exe
#  Implicit rule search has not been done.
#  Modification time never checked.
#  File has not been updated.

# Not a target:
src/source 
files/zlib/zutil.c.o:
#  Implicit rule search has not been done.
#  Modification time never checked.
#  File has not been updated.

# Not a target:
src/sourcefiles/zlib/trees.c.o:
#  Implicit rule search has not been done.
#  Modification time never checked.
#  File has not been updated.

run: pe
#  Implicit rule search has not been done.
#  Modification time never checked.
#  File has not been updated.
#  commands to execute (from `makefile', line 51):
	${ROOT_DIR}/build/release/main.exe
	

clean:
#  Impli 
cit rule search has not been done.
#  Modification time never checked.
#  File has not been updated.
#  commands to execute (from `makefile', line 58):
	make rmFiles BUILD=debug
	make rmFiles BUILD=release
	

# Not a target:
src/sourcefiles/zlib/infback.c.o:
#  Implicit rule search has not been done.
#  Modification time never checked.
#  File has not been updated.

# Not a target:
src/sourcefiles/zlib/inflate.c.o:
#  Implicit rule search has not been done.
#  Modification time never checked.
#  File has no 
t been updated.

# Not a target:
src/main.cpp.o:
#  Implicit rule search has not been done.
#  Modification time never checked.
#  File has not been updated.

dbg:
#  Implicit rule search has not been done.
#  Modification time never checked.
#  File has not been updated.
#  commands to execute (from `makefile', line 33):
	make pe dbg_flag=-g BUILD=debug
	

# Not a target:
src/sourcefiles/zlib/gzwrite.c.o:
#  Implicit rule search has not been done.
#  Modification time never checked.
#  File has not been up 
dated.

# Not a target:
src/sourcefiles/zlib/uncompr.c.o:
#  Implicit rule search has not been done.
#  Modification time never checked.
#  File has not been updated.

# Not a target:
src/sourcefiles/zlib/inftrees.c.o:
#  Implicit rule search has not been done.
#  Modification time never checked.
#  File has not been updated.

# files hash-table stats:
# Load=30/1024=3%, Rehash=0, Collisions=3/62=5%
# VPATH Search Paths

# No `vpath' search paths.

# No general (`VPATH' variable) search path.

# # of string 
s in strcache: 1
# # of strcache buffers: 1
# strcache size: total = 4096 / max = 4096 / min = 4096 / avg = 4096
# strcache free: total = 4087 / max = 4087 / min = 4087 / avg = 4087

# Finished Make data base on Mon May 30 22:09:55 2022

 
make.exe: *** No rule to make target `all'.  Stop.

